2024-11-15 23:07:20,497 - INFO - Starting web scrape of 509 McDonalds job listing pages, with 5090 job listings
2024-11-15 23:14:39,195 - WARNING - Failed for job details at https://www.mchire.com/co/McDonalds376/Job?job_id=PDX_MC_1586247A-0225-47D9-BBDF-EF89E68DB845_70262: Message: 
Stacktrace:
	GetHandleVerifier [0x00007FF6249238A5+3004357]
	(No symbol) [0x00007FF6245B9970]
	(No symbol) [0x00007FF62446582A]
	(No symbol) [0x00007FF6244B5B8E]
	(No symbol) [0x00007FF6244B5E7C]
	(No symbol) [0x00007FF6244FEC27]
	(No symbol) [0x00007FF6244DBC1F]
	(No symbol) [0x00007FF6244FBA4C]
	(No symbol) [0x00007FF6244DB983]
	(No symbol) [0x00007FF6244A7628]
	(No symbol) [0x00007FF6244A8791]
	GetHandleVerifier [0x00007FF62494A00D+3161901]
	GetHandleVerifier [0x00007FF62499E060+3506048]
	GetHandleVerifier [0x00007FF62499400D+3465005]
	GetHandleVerifier [0x00007FF624710EEB+830987]
	(No symbol) [0x00007FF6245C467F]
	(No symbol) [0x00007FF6245C09D4]
	(No symbol) [0x00007FF6245C0B6D]
	(No symbol) [0x00007FF6245B0149]
	BaseThreadInitThunk [0x00007FFA4595259D+29]
	RtlUserThreadStart [0x00007FFA46D6AF38+40]

2024-11-15 23:15:00,669 - WARNING - Failed for job details at https://www.mchire.com/co/McDonalds376/Job?job_id=PDX_MC_1586247A-0225-47D9-BBDF-EF89E68DB845_70262: Message: 
Stacktrace:
	GetHandleVerifier [0x00007FF6249238A5+3004357]
	(No symbol) [0x00007FF6245B9970]
	(No symbol) [0x00007FF62446582A]
	(No symbol) [0x00007FF6244B5B8E]
	(No symbol) [0x00007FF6244B5E7C]
	(No symbol) [0x00007FF6244FEC27]
	(No symbol) [0x00007FF6244DBC1F]
	(No symbol) [0x00007FF6244FBA4C]
	(No symbol) [0x00007FF6244DB983]
	(No symbol) [0x00007FF6244A7628]
	(No symbol) [0x00007FF6244A8791]
	GetHandleVerifier [0x00007FF62494A00D+3161901]
	GetHandleVerifier [0x00007FF62499E060+3506048]
	GetHandleVerifier [0x00007FF62499400D+3465005]
	GetHandleVerifier [0x00007FF624710EEB+830987]
	(No symbol) [0x00007FF6245C467F]
	(No symbol) [0x00007FF6245C09D4]
	(No symbol) [0x00007FF6245C0B6D]
	(No symbol) [0x00007FF6245B0149]
	BaseThreadInitThunk [0x00007FFA4595259D+29]
	RtlUserThreadStart [0x00007FFA46D6AF38+40]

2024-11-15 23:15:22,096 - ERROR - Failed to get job details after 3 attempts: Message: 
Stacktrace:
	GetHandleVerifier [0x00007FF6249238A5+3004357]
	(No symbol) [0x00007FF6245B9970]
	(No symbol) [0x00007FF62446582A]
	(No symbol) [0x00007FF6244B5B8E]
	(No symbol) [0x00007FF6244B5E7C]
	(No symbol) [0x00007FF6244FEC27]
	(No symbol) [0x00007FF6244DBC1F]
	(No symbol) [0x00007FF6244FBA4C]
	(No symbol) [0x00007FF6244DB983]
	(No symbol) [0x00007FF6244A7628]
	(No symbol) [0x00007FF6244A8791]
	GetHandleVerifier [0x00007FF62494A00D+3161901]
	GetHandleVerifier [0x00007FF62499E060+3506048]
	GetHandleVerifier [0x00007FF62499400D+3465005]
	GetHandleVerifier [0x00007FF624710EEB+830987]
	(No symbol) [0x00007FF6245C467F]
	(No symbol) [0x00007FF6245C09D4]
	(No symbol) [0x00007FF6245C0B6D]
	(No symbol) [0x00007FF6245B0149]
	BaseThreadInitThunk [0x00007FFA4595259D+29]
	RtlUserThreadStart [0x00007FFA46D6AF38+40]

2024-11-15 23:16:16,612 - WARNING - Failed for job details at https://www.mchire.com/co/McDonalds376/Job?job_id=PDX_MC_1586247A-0225-47D9-BBDF-EF89E68DB845_70262: Message: 
Stacktrace:
	GetHandleVerifier [0x00007FF6249238A5+3004357]
	(No symbol) [0x00007FF6245B9970]
	(No symbol) [0x00007FF62446582A]
	(No symbol) [0x00007FF6244B5B8E]
	(No symbol) [0x00007FF6244B5E7C]
	(No symbol) [0x00007FF6244FEC27]
	(No symbol) [0x00007FF6244DBC1F]
	(No symbol) [0x00007FF6244FBA4C]
	(No symbol) [0x00007FF6244DB983]
	(No symbol) [0x00007FF6244A7628]
	(No symbol) [0x00007FF6244A8791]
	GetHandleVerifier [0x00007FF62494A00D+3161901]
	GetHandleVerifier [0x00007FF62499E060+3506048]
	GetHandleVerifier [0x00007FF62499400D+3465005]
	GetHandleVerifier [0x00007FF624710EEB+830987]
	(No symbol) [0x00007FF6245C467F]
	(No symbol) [0x00007FF6245C09D4]
	(No symbol) [0x00007FF6245C0B6D]
	(No symbol) [0x00007FF6245B0149]
	BaseThreadInitThunk [0x00007FFA4595259D+29]
	RtlUserThreadStart [0x00007FFA46D6AF38+40]

2024-11-15 23:16:38,122 - WARNING - Failed for job details at https://www.mchire.com/co/McDonalds376/Job?job_id=PDX_MC_1586247A-0225-47D9-BBDF-EF89E68DB845_70262: Message: 
Stacktrace:
	GetHandleVerifier [0x00007FF6249238A5+3004357]
	(No symbol) [0x00007FF6245B9970]
	(No symbol) [0x00007FF62446582A]
	(No symbol) [0x00007FF6244B5B8E]
	(No symbol) [0x00007FF6244B5E7C]
	(No symbol) [0x00007FF6244FEC27]
	(No symbol) [0x00007FF6244DBC1F]
	(No symbol) [0x00007FF6244FBA4C]
	(No symbol) [0x00007FF6244DB983]
	(No symbol) [0x00007FF6244A7628]
	(No symbol) [0x00007FF6244A8791]
	GetHandleVerifier [0x00007FF62494A00D+3161901]
	GetHandleVerifier [0x00007FF62499E060+3506048]
	GetHandleVerifier [0x00007FF62499400D+3465005]
	GetHandleVerifier [0x00007FF624710EEB+830987]
	(No symbol) [0x00007FF6245C467F]
	(No symbol) [0x00007FF6245C09D4]
	(No symbol) [0x00007FF6245C0B6D]
	(No symbol) [0x00007FF6245B0149]
	BaseThreadInitThunk [0x00007FFA4595259D+29]
	RtlUserThreadStart [0x00007FFA46D6AF38+40]

2024-11-15 23:16:59,615 - ERROR - Failed to get job details after 3 attempts: Message: 
Stacktrace:
	GetHandleVerifier [0x00007FF6249238A5+3004357]
	(No symbol) [0x00007FF6245B9970]
	(No symbol) [0x00007FF62446582A]
	(No symbol) [0x00007FF6244B5B8E]
	(No symbol) [0x00007FF6244B5E7C]
	(No symbol) [0x00007FF6244FEC27]
	(No symbol) [0x00007FF6244DBC1F]
	(No symbol) [0x00007FF6244FBA4C]
	(No symbol) [0x00007FF6244DB983]
	(No symbol) [0x00007FF6244A7628]
	(No symbol) [0x00007FF6244A8791]
	GetHandleVerifier [0x00007FF62494A00D+3161901]
	GetHandleVerifier [0x00007FF62499E060+3506048]
	GetHandleVerifier [0x00007FF62499400D+3465005]
	GetHandleVerifier [0x00007FF624710EEB+830987]
	(No symbol) [0x00007FF6245C467F]
	(No symbol) [0x00007FF6245C09D4]
	(No symbol) [0x00007FF6245C0B6D]
	(No symbol) [0x00007FF6245B0149]
	BaseThreadInitThunk [0x00007FFA4595259D+29]
	RtlUserThreadStart [0x00007FFA46D6AF38+40]

2024-11-15 23:17:52,762 - WARNING - Failed for job details at https://www.mchire.com/co/McDonalds376/Job?job_id=PDX_MC_1586247A-0225-47D9-BBDF-EF89E68DB845_70262: Message: 
Stacktrace:
	GetHandleVerifier [0x00007FF6249238A5+3004357]
	(No symbol) [0x00007FF6245B9970]
	(No symbol) [0x00007FF62446582A]
	(No symbol) [0x00007FF6244B5B8E]
	(No symbol) [0x00007FF6244B5E7C]
	(No symbol) [0x00007FF6244FEC27]
	(No symbol) [0x00007FF6244DBC1F]
	(No symbol) [0x00007FF6244FBA4C]
	(No symbol) [0x00007FF6244DB983]
	(No symbol) [0x00007FF6244A7628]
	(No symbol) [0x00007FF6244A8791]
	GetHandleVerifier [0x00007FF62494A00D+3161901]
	GetHandleVerifier [0x00007FF62499E060+3506048]
	GetHandleVerifier [0x00007FF62499400D+3465005]
	GetHandleVerifier [0x00007FF624710EEB+830987]
	(No symbol) [0x00007FF6245C467F]
	(No symbol) [0x00007FF6245C09D4]
	(No symbol) [0x00007FF6245C0B6D]
	(No symbol) [0x00007FF6245B0149]
	BaseThreadInitThunk [0x00007FFA4595259D+29]
	RtlUserThreadStart [0x00007FFA46D6AF38+40]

2024-11-15 23:18:14,174 - WARNING - Failed for job details at https://www.mchire.com/co/McDonalds376/Job?job_id=PDX_MC_1586247A-0225-47D9-BBDF-EF89E68DB845_70262: Message: 
Stacktrace:
	GetHandleVerifier [0x00007FF6249238A5+3004357]
	(No symbol) [0x00007FF6245B9970]
	(No symbol) [0x00007FF62446582A]
	(No symbol) [0x00007FF6244B5B8E]
	(No symbol) [0x00007FF6244B5E7C]
	(No symbol) [0x00007FF6244FEC27]
	(No symbol) [0x00007FF6244DBC1F]
	(No symbol) [0x00007FF6244FBA4C]
	(No symbol) [0x00007FF6244DB983]
	(No symbol) [0x00007FF6244A7628]
	(No symbol) [0x00007FF6244A8791]
	GetHandleVerifier [0x00007FF62494A00D+3161901]
	GetHandleVerifier [0x00007FF62499E060+3506048]
	GetHandleVerifier [0x00007FF62499400D+3465005]
	GetHandleVerifier [0x00007FF624710EEB+830987]
	(No symbol) [0x00007FF6245C467F]
	(No symbol) [0x00007FF6245C09D4]
	(No symbol) [0x00007FF6245C0B6D]
	(No symbol) [0x00007FF6245B0149]
	BaseThreadInitThunk [0x00007FFA4595259D+29]
	RtlUserThreadStart [0x00007FFA46D6AF38+40]

2024-11-15 23:18:35,583 - ERROR - Failed to get job details after 3 attempts: Message: 
Stacktrace:
	GetHandleVerifier [0x00007FF6249238A5+3004357]
	(No symbol) [0x00007FF6245B9970]
	(No symbol) [0x00007FF62446582A]
	(No symbol) [0x00007FF6244B5B8E]
	(No symbol) [0x00007FF6244B5E7C]
	(No symbol) [0x00007FF6244FEC27]
	(No symbol) [0x00007FF6244DBC1F]
	(No symbol) [0x00007FF6244FBA4C]
	(No symbol) [0x00007FF6244DB983]
	(No symbol) [0x00007FF6244A7628]
	(No symbol) [0x00007FF6244A8791]
	GetHandleVerifier [0x00007FF62494A00D+3161901]
	GetHandleVerifier [0x00007FF62499E060+3506048]
	GetHandleVerifier [0x00007FF62499400D+3465005]
	GetHandleVerifier [0x00007FF624710EEB+830987]
	(No symbol) [0x00007FF6245C467F]
	(No symbol) [0x00007FF6245C09D4]
	(No symbol) [0x00007FF6245C0B6D]
	(No symbol) [0x00007FF6245B0149]
	BaseThreadInitThunk [0x00007FFA4595259D+29]
	RtlUserThreadStart [0x00007FFA46D6AF38+40]

